\BOOKMARK [0][-]{chapter.1}{\376\377\0001\000\040\000B\000u\000g\000\040\000L\000i\000s\000t}{}% 1
\BOOKMARK [0][-]{chapter.2}{\376\377\0002\000\040\000N\000a\000m\000e\000s\000p\000a\000c\000e\000\040\000I\000n\000d\000e\000x}{}% 2
\BOOKMARK [1][-]{section.2.1}{\376\377\0002\000.\0001\000\040\000N\000a\000m\000e\000s\000p\000a\000c\000e\000\040\000L\000i\000s\000t}{chapter.2}% 3
\BOOKMARK [0][-]{chapter.3}{\376\377\0003\000\040\000H\000i\000e\000r\000a\000r\000c\000h\000i\000c\000a\000l\000\040\000I\000n\000d\000e\000x}{}% 4
\BOOKMARK [1][-]{section.3.1}{\376\377\0003\000.\0001\000\040\000C\000l\000a\000s\000s\000\040\000H\000i\000e\000r\000a\000r\000c\000h\000y}{chapter.3}% 5
\BOOKMARK [0][-]{chapter.4}{\376\377\0004\000\040\000C\000l\000a\000s\000s\000\040\000I\000n\000d\000e\000x}{}% 6
\BOOKMARK [1][-]{section.4.1}{\376\377\0004\000.\0001\000\040\000C\000l\000a\000s\000s\000\040\000L\000i\000s\000t}{chapter.4}% 7
\BOOKMARK [0][-]{chapter.5}{\376\377\0005\000\040\000F\000i\000l\000e\000\040\000I\000n\000d\000e\000x}{}% 8
\BOOKMARK [1][-]{section.5.1}{\376\377\0005\000.\0001\000\040\000F\000i\000l\000e\000\040\000L\000i\000s\000t}{chapter.5}% 9
\BOOKMARK [0][-]{chapter.6}{\376\377\0006\000\040\000N\000a\000m\000e\000s\000p\000a\000c\000e\000\040\000D\000o\000c\000u\000m\000e\000n\000t\000a\000t\000i\000o\000n}{}% 10
\BOOKMARK [1][-]{section.6.1}{\376\377\0006\000.\0001\000\040\000h\000e\000l\000p\000e\000r\000\040\000N\000a\000m\000e\000s\000p\000a\000c\000e\000\040\000R\000e\000f\000e\000r\000e\000n\000c\000e}{chapter.6}% 11
\BOOKMARK [2][-]{subsection.6.1.1}{\376\377\0006\000.\0001\000.\0001\000\040\000D\000e\000t\000a\000i\000l\000e\000d\000\040\000D\000e\000s\000c\000r\000i\000p\000t\000i\000o\000n}{section.6.1}% 12
\BOOKMARK [2][-]{subsection.6.1.2}{\376\377\0006\000.\0001\000.\0002\000\040\000F\000u\000n\000c\000t\000i\000o\000n\000\040\000D\000o\000c\000u\000m\000e\000n\000t\000a\000t\000i\000o\000n}{section.6.1}% 13
\BOOKMARK [3][-]{subsubsection.6.1.2.1}{\376\377\0006\000.\0001\000.\0002\000.\0001\000\040\000e\000r\000r\000o\000r\000\050\000\051}{subsection.6.1.2}% 14
\BOOKMARK [3][-]{subsubsection.6.1.2.2}{\376\377\0006\000.\0001\000.\0002\000.\0002\000\040\000i\000n\000f\000o\000\050\000\051}{subsection.6.1.2}% 15
\BOOKMARK [3][-]{subsubsection.6.1.2.3}{\376\377\0006\000.\0001\000.\0002\000.\0003\000\040\000m\000e\000s\000s\000a\000g\000e\000\050\000\051}{subsection.6.1.2}% 16
\BOOKMARK [3][-]{subsubsection.6.1.2.4}{\376\377\0006\000.\0001\000.\0002\000.\0004\000\040\000w\000a\000r\000n\000i\000n\000g\000\050\000\051}{subsection.6.1.2}% 17
\BOOKMARK [0][-]{chapter.7}{\376\377\0007\000\040\000C\000l\000a\000s\000s\000\040\000D\000o\000c\000u\000m\000e\000n\000t\000a\000t\000i\000o\000n}{}% 18
\BOOKMARK [1][-]{section.7.1}{\376\377\0007\000.\0001\000\040\000c\000a\000g\000e\000c\000o\000n\000t\000r\000o\000l\000\040\000C\000l\000a\000s\000s\000\040\000R\000e\000f\000e\000r\000e\000n\000c\000e}{chapter.7}% 19
\BOOKMARK [2][-]{subsection.7.1.1}{\376\377\0007\000.\0001\000.\0001\000\040\000M\000e\000m\000b\000e\000r\000\040\000F\000u\000n\000c\000t\000i\000o\000n\000\040\000D\000o\000c\000u\000m\000e\000n\000t\000a\000t\000i\000o\000n}{section.7.1}% 20
\BOOKMARK [3][-]{subsubsection.7.1.1.1}{\376\377\0007\000.\0001\000.\0001\000.\0001\000\040\000i\000n\000i\000t\000c\000o\000n\000n\000e\000c\000t\000i\000o\000n\000s\000\050\000\051}{subsection.7.1.1}% 21
\BOOKMARK [3][-]{subsubsection.7.1.1.2}{\376\377\0007\000.\0001\000.\0001\000.\0002\000\040\000L\000o\000a\000d\000C\000o\000n\000f\000i\000g\000\050\000\051}{subsection.7.1.1}% 22
\BOOKMARK [3][-]{subsubsection.7.1.1.3}{\376\377\0007\000.\0001\000.\0001\000.\0003\000\040\000m\000o\000t\000o\000r\000G\000B\000\050\000\051}{subsection.7.1.1}% 23
\BOOKMARK [3][-]{subsubsection.7.1.1.4}{\376\377\0007\000.\0001\000.\0001\000.\0004\000\040\000m\000o\000v\000e\000m\000o\000t\000o\000r\000\050\000\051}{subsection.7.1.1}% 24
\BOOKMARK [3][-]{subsubsection.7.1.1.5}{\376\377\0007\000.\0001\000.\0001\000.\0005\000\040\000S\000a\000v\000e\000C\000o\000n\000f\000i\000g\000\050\000\051}{subsection.7.1.1}% 25
\BOOKMARK [3][-]{subsubsection.7.1.1.6}{\376\377\0007\000.\0001\000.\0001\000.\0006\000\040\000s\000l\000o\000t\000\137\000c\000h\000a\000n\000g\000e\000o\000f\000f\000s\000e\000t\000u\000s\000a\000g\000e}{subsection.7.1.1}% 26
\BOOKMARK [3][-]{subsubsection.7.1.1.7}{\376\377\0007\000.\0001\000.\0001\000.\0007\000\040\000s\000l\000o\000t\000\137\000c\000h\000a\000n\000g\000e\000W\000P\000a\000n\000g\000l\000e\000s}{subsection.7.1.1}% 27
\BOOKMARK [3][-]{subsubsection.7.1.1.8}{\376\377\0007\000.\0001\000.\0001\000.\0008\000\040\000s\000l\000o\000t\000\137\000m\000o\000v\000e\000H\000V}{subsection.7.1.1}% 28
\BOOKMARK [3][-]{subsubsection.7.1.1.9}{\376\377\0007\000.\0001\000.\0001\000.\0009\000\040\000s\000l\000o\000t\000\137\000m\000o\000v\000e\000L\000R}{subsection.7.1.1}% 29
\BOOKMARK [3][-]{subsubsection.7.1.1.10}{\376\377\0007\000.\0001\000.\0001\000.\0001\0000\000\040\000s\000l\000o\000t\000\137\000m\000o\000v\000e\000m\000o\000t\000o\000r\000s}{subsection.7.1.1}% 30
\BOOKMARK [3][-]{subsubsection.7.1.1.11}{\376\377\0007\000.\0001\000.\0001\000.\0001\0001\000\040\000s\000l\000o\000t\000\137\000m\000o\000v\000e\000P\000M}{subsection.7.1.1}% 31
\BOOKMARK [3][-]{subsubsection.7.1.1.12}{\376\377\0007\000.\0001\000.\0001\000.\0001\0002\000\040\000u\000p\000d\000a\000t\000e\000s\000e\000t\000t\000i\000n\000g\000s}{subsection.7.1.1}% 32
\BOOKMARK [3][-]{subsubsection.7.1.1.13}{\376\377\0007\000.\0001\000.\0001\000.\0001\0003\000\040\000u\000p\000d\000a\000t\000e\000s\000e\000t\000t\000i\000n\000g\000s\000i\000n\000t}{subsection.7.1.1}% 33
\BOOKMARK [3][-]{subsubsection.7.1.1.14}{\376\377\0007\000.\0001\000.\0001\000.\0001\0004\000\040\000u\000p\000d\000a\000t\000e\000s\000t\000a\000t\000u\000s\000\050\000\051}{subsection.7.1.1}% 34
\BOOKMARK [2][-]{subsection.7.1.2}{\376\377\0007\000.\0001\000.\0002\000\040\000M\000e\000m\000b\000e\000r\000\040\000D\000a\000t\000a\000\040\000D\000o\000c\000u\000m\000e\000n\000t\000a\000t\000i\000o\000n}{section.7.1}% 35
\BOOKMARK [3][-]{subsubsection.7.1.2.1}{\376\377\0007\000.\0001\000.\0002\000.\0001\000\040\000u\000s\000e\000o\000f\000f\000s\000e\000t}{subsection.7.1.2}% 36
\BOOKMARK [1][-]{section.7.2}{\376\377\0007\000.\0002\000\040\000M\000o\000t\000o\000r\000\040\000C\000l\000a\000s\000s\000\040\000R\000e\000f\000e\000r\000e\000n\000c\000e}{chapter.7}% 37
\BOOKMARK [2][-]{subsection.7.2.1}{\376\377\0007\000.\0002\000.\0001\000\040\000D\000e\000t\000a\000i\000l\000e\000d\000\040\000D\000e\000s\000c\000r\000i\000p\000t\000i\000o\000n}{section.7.2}% 38
\BOOKMARK [2][-]{subsection.7.2.2}{\376\377\0007\000.\0002\000.\0002\000\040\000M\000e\000m\000b\000e\000r\000\040\000F\000u\000n\000c\000t\000i\000o\000n\000\040\000D\000o\000c\000u\000m\000e\000n\000t\000a\000t\000i\000o\000n}{section.7.2}% 39
\BOOKMARK [3][-]{subsubsection.7.2.2.1}{\376\377\0007\000.\0002\000.\0002\000.\0001\000\040\000c\000o\000m\000m\000a\000n\000d\000\137\000m\000i\000c\000r\000o\000s\000t\000e\000p}{subsection.7.2.2}% 40
\BOOKMARK [3][-]{subsubsection.7.2.2.2}{\376\377\0007\000.\0002\000.\0002\000.\0002\000\040\000c\000o\000m\000m\000a\000n\000d\000\137\000m\000o\000v\000e\000b\000o\000t\000h}{subsection.7.2.2}% 41
\BOOKMARK [3][-]{subsubsection.7.2.2.3}{\376\377\0007\000.\0002\000.\0002\000.\0003\000\040\000c\000o\000m\000m\000a\000n\000d\000\137\000s\000i\000n\000g\000l\000e\000s\000t\000e\000p}{subsection.7.2.2}% 42
\BOOKMARK [3][-]{subsubsection.7.2.2.4}{\376\377\0007\000.\0002\000.\0002\000.\0004\000\040\000c\000o\000m\000m\000a\000n\000d\000\137\000s\000t\000e\000p}{subsection.7.2.2}% 43
\BOOKMARK [3][-]{subsubsection.7.2.2.5}{\376\377\0007\000.\0002\000.\0002\000.\0005\000\040\000h\000a\000n\000d\000l\000e\000E\000r\000r\000o\000r}{subsection.7.2.2}% 44
\BOOKMARK [3][-]{subsubsection.7.2.2.6}{\376\377\0007\000.\0002\000.\0002\000.\0006\000\040\000i\000s\000o\000p\000e\000n}{subsection.7.2.2}% 45
\BOOKMARK [3][-]{subsubsection.7.2.2.7}{\376\377\0007\000.\0002\000.\0002\000.\0007\000\040\000m\000o\000t\000o\000r\000s\000t\000a\000t\000u\000s\000m\000e\000s\000s\000a\000g\000e}{subsection.7.2.2}% 46
\BOOKMARK [3][-]{subsubsection.7.2.2.8}{\376\377\0007\000.\0002\000.\0002\000.\0008\000\040\000s\000e\000n\000s\000o\000r\000d\000a\000t\000a\000\050\000\051}{subsection.7.2.2}% 47
\BOOKMARK [3][-]{subsubsection.7.2.2.9}{\376\377\0007\000.\0002\000.\0002\000.\0009\000\040\000s\000h\000o\000w\000S\000t\000a\000t\000u\000s\000M\000e\000s\000s\000a\000g\000e}{subsection.7.2.2}% 48
\BOOKMARK [3][-]{subsubsection.7.2.2.10}{\376\377\0007\000.\0002\000.\0002\000.\0001\0000\000\040\000s\000t\000o\000p}{subsection.7.2.2}% 49
\BOOKMARK [3][-]{subsubsection.7.2.2.11}{\376\377\0007\000.\0002\000.\0002\000.\0001\0001\000\040\000w\000r\000i\000t\000e}{subsection.7.2.2}% 50
\BOOKMARK [2][-]{subsection.7.2.3}{\376\377\0007\000.\0002\000.\0003\000\040\000M\000e\000m\000b\000e\000r\000\040\000D\000a\000t\000a\000\040\000D\000o\000c\000u\000m\000e\000n\000t\000a\000t\000i\000o\000n}{section.7.2}% 51
\BOOKMARK [3][-]{subsubsection.7.2.3.1}{\376\377\0007\000.\0002\000.\0003\000.\0001\000\040\000h\000o\000m\000e\000t\000i\000m\000e\000r}{subsection.7.2.3}% 52
\BOOKMARK [1][-]{section.7.3}{\376\377\0007\000.\0003\000\040\000U\000D\000P\000l\000i\000s\000t\000e\000n\000e\000r\000\040\000C\000l\000a\000s\000s\000\040\000R\000e\000f\000e\000r\000e\000n\000c\000e}{chapter.7}% 53
\BOOKMARK [2][-]{subsection.7.3.1}{\376\377\0007\000.\0003\000.\0001\000\040\000D\000e\000t\000a\000i\000l\000e\000d\000\040\000D\000e\000s\000c\000r\000i\000p\000t\000i\000o\000n}{section.7.3}% 54
\BOOKMARK [2][-]{subsection.7.3.2}{\376\377\0007\000.\0003\000.\0002\000\040\000C\000o\000n\000s\000t\000r\000u\000c\000t\000o\000r\000\040\000\046\000\040\000D\000e\000s\000t\000r\000u\000c\000t\000o\000r\000\040\000D\000o\000c\000u\000m\000e\000n\000t\000a\000t\000i\000o\000n}{section.7.3}% 55
\BOOKMARK [3][-]{subsubsection.7.3.2.1}{\376\377\0007\000.\0003\000.\0002\000.\0001\000\040\000U\000D\000P\000l\000i\000s\000t\000e\000n\000e\000r\000\050\000\051}{subsection.7.3.2}% 56
\BOOKMARK [2][-]{subsection.7.3.3}{\376\377\0007\000.\0003\000.\0003\000\040\000M\000e\000m\000b\000e\000r\000\040\000F\000u\000n\000c\000t\000i\000o\000n\000\040\000D\000o\000c\000u\000m\000e\000n\000t\000a\000t\000i\000o\000n}{section.7.3}% 57
\BOOKMARK [3][-]{subsubsection.7.3.3.1}{\376\377\0007\000.\0003\000.\0003\000.\0001\000\040\000b\000i\000n\000d}{subsection.7.3.3}% 58
\BOOKMARK [3][-]{subsubsection.7.3.3.2}{\376\377\0007\000.\0003\000.\0003\000.\0002\000\040\000c\000h\000a\000n\000g\000e\000o\000f\000f\000s\000e\000t\000u\000s\000a\000g\000e}{subsection.7.3.3}% 59
\BOOKMARK [3][-]{subsubsection.7.3.3.3}{\376\377\0007\000.\0003\000.\0003\000.\0003\000\040\000c\000h\000a\000n\000g\000e\000W\000P\000a\000n\000g\000l\000e\000s}{subsection.7.3.3}% 60
\BOOKMARK [3][-]{subsubsection.7.3.3.4}{\376\377\0007\000.\0003\000.\0003\000.\0004\000\040\000M\000o\000v\000e}{subsection.7.3.3}% 61
\BOOKMARK [3][-]{subsubsection.7.3.3.5}{\376\377\0007\000.\0003\000.\0003\000.\0005\000\040\000M\000o\000v\000e\000H\000V}{subsection.7.3.3}% 62
\BOOKMARK [3][-]{subsubsection.7.3.3.6}{\376\377\0007\000.\0003\000.\0003\000.\0006\000\040\000M\000o\000v\000e\000L\000R}{subsection.7.3.3}% 63
\BOOKMARK [3][-]{subsubsection.7.3.3.7}{\376\377\0007\000.\0003\000.\0003\000.\0007\000\040\000M\000o\000v\000e\000P\000M}{subsection.7.3.3}% 64
\BOOKMARK [3][-]{subsubsection.7.3.3.8}{\376\377\0007\000.\0003\000.\0003\000.\0008\000\040\000p\000r\000o\000c\000e\000s\000s\000C\000o\000m\000m\000a\000n\000d\000s}{subsection.7.3.3}% 65
\BOOKMARK [0][-]{chapter.8}{\376\377\0008\000\040\000F\000i\000l\000e\000\040\000D\000o\000c\000u\000m\000e\000n\000t\000a\000t\000i\000o\000n}{}% 66
\BOOKMARK [1][-]{section.8.1}{\376\377\0008\000.\0001\000\040\000d\000e\000b\000u\000g\000.\000h\000\040\000F\000i\000l\000e\000\040\000R\000e\000f\000e\000r\000e\000n\000c\000e}{chapter.8}% 67
\BOOKMARK [2][-]{subsection.8.1.1}{\376\377\0008\000.\0001\000.\0001\000\040\000D\000e\000t\000a\000i\000l\000e\000d\000\040\000D\000e\000s\000c\000r\000i\000p\000t\000i\000o\000n}{section.8.1}% 68
\BOOKMARK [1][-]{section.8.2}{\376\377\0008\000.\0002\000\040\000d\000e\000f\000i\000n\000e\000s\000.\000h\000\040\000F\000i\000l\000e\000\040\000R\000e\000f\000e\000r\000e\000n\000c\000e}{chapter.8}% 69
\BOOKMARK [2][-]{subsection.8.2.1}{\376\377\0008\000.\0002\000.\0001\000\040\000D\000e\000t\000a\000i\000l\000e\000d\000\040\000D\000e\000s\000c\000r\000i\000p\000t\000i\000o\000n}{section.8.2}% 70
\BOOKMARK [2][-]{subsection.8.2.2}{\376\377\0008\000.\0002\000.\0002\000\040\000M\000a\000c\000r\000o\000\040\000D\000e\000f\000i\000n\000i\000t\000i\000o\000n\000\040\000D\000o\000c\000u\000m\000e\000n\000t\000a\000t\000i\000o\000n}{section.8.2}% 71
\BOOKMARK [3][-]{subsubsection.8.2.2.1}{\376\377\0008\000.\0002\000.\0002\000.\0001\000\040\000D\000E\000B\000U\000G}{subsection.8.2.2}% 72
\BOOKMARK [3][-]{subsubsection.8.2.2.2}{\376\377\0008\000.\0002\000.\0002\000.\0002\000\040\000D\000E\000B\000U\000G\000E\000R\000R\000O\000R}{subsection.8.2.2}% 73
\BOOKMARK [3][-]{subsubsection.8.2.2.3}{\376\377\0008\000.\0002\000.\0002\000.\0003\000\040\000D\000E\000B\000U\000G\000I\000N\000F\000O}{subsection.8.2.2}% 74
\BOOKMARK [3][-]{subsubsection.8.2.2.4}{\376\377\0008\000.\0002\000.\0002\000.\0004\000\040\000D\000E\000B\000U\000G\000W\000A\000R\000N\000I\000N\000G}{subsection.8.2.2}% 75
\BOOKMARK [3][-]{subsubsection.8.2.2.5}{\376\377\0008\000.\0002\000.\0002\000.\0005\000\040\000D\000E\000G\000T\000O\000R\000A\000D}{subsection.8.2.2}% 76
\BOOKMARK [3][-]{subsubsection.8.2.2.6}{\376\377\0008\000.\0002\000.\0002\000.\0006\000\040\000E\000P\000S}{subsection.8.2.2}% 77
\BOOKMARK [3][-]{subsubsection.8.2.2.7}{\376\377\0008\000.\0002\000.\0002\000.\0007\000\040\000P\000I}{subsection.8.2.2}% 78
\BOOKMARK [3][-]{subsubsection.8.2.2.8}{\376\377\0008\000.\0002\000.\0002\000.\0008\000\040\000R\000A\000D\000T\000O\000D\000E\000G}{subsection.8.2.2}% 79
\BOOKMARK [3][-]{subsubsection.8.2.2.9}{\376\377\0008\000.\0002\000.\0002\000.\0009\000\040\000U\000N\000U\000S\000E\000D}{subsection.8.2.2}% 80
\BOOKMARK [1][-]{section.8.3}{\376\377\0008\000.\0003\000\040\000h\000e\000l\000p\000e\000r\000.\000h\000\040\000F\000i\000l\000e\000\040\000R\000e\000f\000e\000r\000e\000n\000c\000e}{chapter.8}% 81
\BOOKMARK [1][-]{section.8.4}{\376\377\0008\000.\0004\000\040\000m\000o\000t\000o\000r\000.\000h\000\040\000F\000i\000l\000e\000\040\000R\000e\000f\000e\000r\000e\000n\000c\000e}{chapter.8}% 82
\BOOKMARK [1][-]{section.8.5}{\376\377\0008\000.\0005\000\040\000u\000d\000p\000l\000i\000s\000t\000e\000n\000e\000r\000.\000h\000\040\000F\000i\000l\000e\000\040\000R\000e\000f\000e\000r\000e\000n\000c\000e}{chapter.8}% 83
\BOOKMARK [1][-]{section.8.6}{\376\377\0008\000.\0006\000\040\000v\000e\000r\000s\000i\000o\000n\000.\000h\000\040\000F\000i\000l\000e\000\040\000R\000e\000f\000e\000r\000e\000n\000c\000e}{chapter.8}% 84
\BOOKMARK [2][-]{subsection.8.6.1}{\376\377\0008\000.\0006\000.\0001\000\040\000D\000e\000t\000a\000i\000l\000e\000d\000\040\000D\000e\000s\000c\000r\000i\000p\000t\000i\000o\000n}{section.8.6}% 85
\BOOKMARK [0][-]{section*.40}{\376\377\000I\000n\000d\000e\000x}{}% 86
